This file contains any messages produced by compilers while
running configure, to aid debugging if configure makes a mistake.

It was created by fasta2tfasta configure 0.1, which was
generated by GNU Autoconf 2.69.  Invocation command line was

  $ ./configure 

## --------- ##
## Platform. ##
## --------- ##

hostname = localhost.localdomain
uname -m = x86_64
uname -r = 3.10.0-327.36.3.el7.x86_64
uname -s = Linux
uname -v = #1 SMP Thu Oct 20 04:56:07 EDT 2016

/usr/bin/uname -p = x86_64
/bin/uname -X     = unknown

/bin/arch              = x86_64
/usr/bin/arch -k       = unknown
/usr/convex/getsysinfo = unknown
/usr/bin/hostinfo      = unknown
/bin/machine           = unknown
/usr/bin/oslevel       = unknown
/bin/universe          = unknown

PATH: /usr/lib64/qt-3.3/bin
PATH: /usr/local/bin
PATH: /usr/local/sbin
PATH: /usr/bin
PATH: /usr/sbin
PATH: /bin
PATH: /sbin
PATH: /home/jjene/.local/bin
PATH: /home/jjene/bin
PATH: /home/jjene/gradle/gradle-3.1/bin
PATH: /opt/lib/openmpi/bin


## ----------- ##
## Core tests. ##
## ----------- ##

configure:1834: checking for a BSD-compatible install
configure:1902: result: /usr/bin/install -c
configure:1913: checking whether build environment is sane
configure:1968: result: yes
configure:2119: checking for a thread-safe mkdir -p
configure:2158: result: /usr/bin/mkdir -p
configure:2165: checking for gawk
configure:2181: found /usr/bin/gawk
configure:2192: result: gawk
configure:2203: checking whether make sets $(MAKE)
configure:2225: result: yes
configure:2254: checking whether make supports nested variables
configure:2271: result: yes
configure:2413: checking for g++
configure:2429: found /usr/bin/g++
configure:2440: result: g++
configure:2467: checking for C++ compiler version
configure:2476: g++ --version >&5
g++ (GCC) 4.8.5 20150623 (Red Hat 4.8.5-4)
Copyright (C) 2015 Free Software Foundation, Inc.
This is free software; see the source for copying conditions.  There is NO
warranty; not even for MERCHANTABILITY or FITNESS FOR A PARTICULAR PURPOSE.

configure:2487: $? = 0
configure:2476: g++ -v >&5
Using built-in specs.
COLLECT_GCC=g++
COLLECT_LTO_WRAPPER=/usr/libexec/gcc/x86_64-redhat-linux/4.8.5/lto-wrapper
Target: x86_64-redhat-linux
Configured with: ../configure --prefix=/usr --mandir=/usr/share/man --infodir=/usr/share/info --with-bugurl=http://bugzilla.redhat.com/bugzilla --enable-bootstrap --enable-shared --enable-threads=posix --enable-checking=release --with-system-zlib --enable-__cxa_atexit --disable-libunwind-exceptions --enable-gnu-unique-object --enable-linker-build-id --with-linker-hash-style=gnu --enable-languages=c,c++,objc,obj-c++,java,fortran,ada,go,lto --enable-plugin --enable-initfini-array --disable-libgcj --with-isl=/builddir/build/BUILD/gcc-4.8.5-20150702/obj-x86_64-redhat-linux/isl-install --with-cloog=/builddir/build/BUILD/gcc-4.8.5-20150702/obj-x86_64-redhat-linux/cloog-install --enable-gnu-indirect-function --with-tune=generic --with-arch_32=x86-64 --build=x86_64-redhat-linux
Thread model: posix
gcc version 4.8.5 20150623 (Red Hat 4.8.5-4) (GCC) 
configure:2487: $? = 0
configure:2476: g++ -V >&5
g++: error: unrecognized command line option '-V'
g++: fatal error: no input files
compilation terminated.
configure:2487: $? = 4
configure:2476: g++ -qversion >&5
g++: error: unrecognized command line option '-qversion'
g++: fatal error: no input files
compilation terminated.
configure:2487: $? = 4
configure:2507: checking whether the C++ compiler works
configure:2529: g++    conftest.cpp  >&5
configure:2533: $? = 0
configure:2581: result: yes
configure:2584: checking for C++ compiler default output file name
configure:2586: result: a.out
configure:2592: checking for suffix of executables
configure:2599: g++ -o conftest    conftest.cpp  >&5
configure:2603: $? = 0
configure:2625: result: 
configure:2647: checking whether we are cross compiling
configure:2655: g++ -o conftest    conftest.cpp  >&5
configure:2659: $? = 0
configure:2666: ./conftest
configure:2670: $? = 0
configure:2685: result: no
configure:2690: checking for suffix of object files
configure:2712: g++ -c   conftest.cpp >&5
configure:2716: $? = 0
configure:2737: result: o
configure:2741: checking whether we are using the GNU C++ compiler
configure:2760: g++ -c   conftest.cpp >&5
configure:2760: $? = 0
configure:2769: result: yes
configure:2778: checking whether g++ accepts -g
configure:2798: g++ -c -g  conftest.cpp >&5
configure:2798: $? = 0
configure:2839: result: yes
configure:2873: checking for style of include used by make
configure:2901: result: GNU
configure:2927: checking dependency style of g++
configure:3038: result: gcc3
configure:3200: checking that generated files are newer than configure
configure:3206: result: done
configure:3229: creating ./config.status

## ---------------------- ##
## Running config.status. ##
## ---------------------- ##

This file was extended by fasta2tfasta config.status 0.1, which was
generated by GNU Autoconf 2.69.  Invocation command line was

  CONFIG_FILES    = 
  CONFIG_HEADERS  = 
  CONFIG_LINKS    = 
  CONFIG_COMMANDS = 
  $ ./config.status 

on localhost.localdomain

config.status:772: creating makefile
config.status:944: executing depfiles commands

## ---------------- ##
## Cache variables. ##
## ---------------- ##

ac_cv_cxx_compiler_gnu=yes
ac_cv_env_CCC_set=
ac_cv_env_CCC_value=
ac_cv_env_CPPFLAGS_set=
ac_cv_env_CPPFLAGS_value=
ac_cv_env_CXXFLAGS_set=
ac_cv_env_CXXFLAGS_value=
ac_cv_env_CXX_set=
ac_cv_env_CXX_value=
ac_cv_env_LDFLAGS_set=
ac_cv_env_LDFLAGS_value=
ac_cv_env_LIBS_set=
ac_cv_env_LIBS_value=
ac_cv_env_build_alias_set=
ac_cv_env_build_alias_value=
ac_cv_env_host_alias_set=
ac_cv_env_host_alias_value=
ac_cv_env_target_alias_set=
ac_cv_env_target_alias_value=
ac_cv_objext=o
ac_cv_path_install='/usr/bin/install -c'
ac_cv_path_mkdir=/usr/bin/mkdir
ac_cv_prog_AWK=gawk
ac_cv_prog_ac_ct_CXX=g++
ac_cv_prog_cxx_g=yes
ac_cv_prog_make_make_set=yes
am_cv_CXX_dependencies_compiler_type=gcc3
am_cv_make_support_nested_variables=yes

## ----------------- ##
## Output variables. ##
## ----------------- ##

ACLOCAL='${SHELL} /home/jjene/all/Projects/NetBeansProjects/fasta2tfasta/missing aclocal-1.13'
AMDEPBACKSLASH='\'
AMDEP_FALSE='#'
AMDEP_TRUE=''
AMTAR='$${TAR-tar}'
AM_BACKSLASH='\'
AM_DEFAULT_V='$(AM_DEFAULT_VERBOSITY)'
AM_DEFAULT_VERBOSITY='1'
AM_V='$(V)'
AUTOCONF='${SHELL} /home/jjene/all/Projects/NetBeansProjects/fasta2tfasta/missing autoconf'
AUTOHEADER='${SHELL} /home/jjene/all/Projects/NetBeansProjects/fasta2tfasta/missing autoheader'
AUTOMAKE='${SHELL} /home/jjene/all/Projects/NetBeansProjects/fasta2tfasta/missing automake-1.13'
AWK='gawk'
CPPFLAGS=''
CXX='g++'
CXXDEPMODE='depmode=gcc3'
CXXFLAGS='-g -O2'
CYGPATH_W='echo'
DEFS='-DPACKAGE_NAME=\"fasta2tfasta\" -DPACKAGE_TARNAME=\"fasta2tfasta\" -DPACKAGE_VERSION=\"0.1\" -DPACKAGE_STRING=\"fasta2tfasta\ 0.1\" -DPACKAGE_BUGREPORT=\"joan.jene@cragenomica.es\" -DPACKAGE_URL=\"\" -DPACKAGE=\"fasta2tfasta\" -DVERSION=\"0.1\"'
DEPDIR='.deps'
ECHO_C=''
ECHO_N='-n'
ECHO_T=''
EXEEXT=''
INSTALL_DATA='${INSTALL} -m 644'
INSTALL_PROGRAM='${INSTALL}'
INSTALL_SCRIPT='${INSTALL}'
INSTALL_STRIP_PROGRAM='$(install_sh) -c -s'
LDFLAGS=''
LIBOBJS=''
LIBS=''
LTLIBOBJS=''
MAKEINFO='${SHELL} /home/jjene/all/Projects/NetBeansProjects/fasta2tfasta/missing makeinfo'
MKDIR_P='/usr/bin/mkdir -p'
OBJEXT='o'
PACKAGE='fasta2tfasta'
PACKAGE_BUGREPORT='joan.jene@cragenomica.es'
PACKAGE_NAME='fasta2tfasta'
PACKAGE_STRING='fasta2tfasta 0.1'
PACKAGE_TARNAME='fasta2tfasta'
PACKAGE_URL=''
PACKAGE_VERSION='0.1'
PATH_SEPARATOR=':'
SET_MAKE=''
SHELL='/bin/sh'
STRIP=''
VERSION='0.1'
ac_ct_CXX='g++'
am__EXEEXT_FALSE=''
am__EXEEXT_TRUE='#'
am__fastdepCXX_FALSE='#'
am__fastdepCXX_TRUE=''
am__include='include'
am__isrc=''
am__leading_dot='.'
am__nodep='_no'
am__quote=''
am__tar='$${TAR-tar} chof - "$$tardir"'
am__untar='$${TAR-tar} xf -'
bindir='${exec_prefix}/bin'
build_alias=''
datadir='${datarootdir}'
datarootdir='${prefix}/share'
docdir='${datarootdir}/doc/${PACKAGE_TARNAME}'
dvidir='${docdir}'
exec_prefix='${prefix}'
host_alias=''
htmldir='${docdir}'
includedir='${prefix}/include'
infodir='${datarootdir}/info'
install_sh='${SHELL} /home/jjene/all/Projects/NetBeansProjects/fasta2tfasta/install-sh'
libdir='${exec_prefix}/lib'
libexecdir='${exec_prefix}/libexec'
localedir='${datarootdir}/locale'
localstatedir='${prefix}/var'
mandir='${datarootdir}/man'
mkdir_p='$(MKDIR_P)'
oldincludedir='/usr/include'
pdfdir='${docdir}'
prefix='/usr/local'
program_transform_name='s,x,x,'
psdir='${docdir}'
sbindir='${exec_prefix}/sbin'
sharedstatedir='${prefix}/com'
sysconfdir='${prefix}/etc'
target_alias=''

## ----------- ##
## confdefs.h. ##
## ----------- ##

/* confdefs.h */
#define PACKAGE_NAME "fasta2tfasta"
#define PACKAGE_TARNAME "fasta2tfasta"
#define PACKAGE_VERSION "0.1"
#define PACKAGE_STRING "fasta2tfasta 0.1"
#define PACKAGE_BUGREPORT "joan.jene@cragenomica.es"
#define PACKAGE_URL ""
#define PACKAGE "fasta2tfasta"
#define VERSION "0.1"

configure: exit 0
